<?xml version="1.0" encoding="UTF-8"?>
<!-- Generated by org.testng.reporters.JUnitReportReporter -->
<testsuite hostname="LAPTOP-PJIE277F" failures="0" tests="1" name="TESTNG.maven" time="29.508" errors="0" timestamp="2022-03-27T10:49:48 IST" skipped="0">
  <testcase classname="TESTNG.maven" name="suraj" time="29.508"/>
  <system-out/>
</testsuite> <!-- TESTNG.maven -->
