<?xml version="1.0" encoding="UTF-8"?>
<!-- Generated by org.testng.reporters.JUnitReportReporter -->
<testsuite hostname="LAPTOP-PJIE277F" failures="0" tests="1" name="TESTNG.basictestng" time="0.011" errors="0" timestamp="2022-03-27T20:05:24 IST" skipped="0">
  <testcase classname="TESTNG.basictestng" name="test3" time="0.011"/>
  <system-out/>
</testsuite> <!-- TESTNG.basictestng -->
